#
# There is insufficient memory for the Java Runtime Environment to continue.
# Native memory allocation (malloc) failed to allocate 1048576 bytes for AllocateHeap
# Possible reasons:
#   The system is out of physical RAM or swap space
#   The process is running with CompressedOops enabled, and the Java Heap may be blocking the growth of the native heap
# Possible solutions:
#   Reduce memory load on the system
#   Increase physical memory or swap space
#   Check if swap backing store is full
#   Decrease Java heap size (-Xmx/-Xms)
#   Decrease number of Java threads
#   Decrease Java thread stack sizes (-Xss)
#   Set larger code cache with -XX:ReservedCodeCacheSize=
#   JVM is running with Zero Based Compressed Oops mode in which the Java heap is
#     placed in the first 32GB address space. The Java Heap base address is the
#     maximum limit for the native heap growth. Please use -XX:HeapBaseMinAddress
#     to set the Java Heap base and to place the Java Heap above 32GB virtual address.
# This output file may be truncated or incomplete.
#
#  Out of Memory Error (memory/allocation.inline.hpp:61), pid=24832, tid=0x00000000000044cc
#
# JRE version:  (8.0_202-b08) (build )
# Java VM: Java HotSpot(TM) 64-Bit Server VM (25.202-b08 mixed mode windows-amd64 compressed oops)
# Failed to write core dump. Minidumps are not enabled by default on client versions of Windows
#

---------------  T H R E A D  ---------------

Current thread (0x00000000029a2800):  JavaThread "Unknown thread" [_thread_in_vm, id=17612, stack(0x00000000028a0000,0x00000000029a0000)]

Stack: [0x00000000028a0000,0x00000000029a0000]
[error occurred during error reporting (printing stack bounds), id 0xc0000005]

Native frames: (J=compiled Java code, j=interpreted, Vv=VM code, C=native code)


---------------  P R O C E S S  ---------------

Java Threads: ( => current thread )

Other Threads:

=>0x00000000029a2800 (exited) JavaThread "Unknown thread" [_thread_in_vm, id=17612, stack(0x00000000028a0000,0x00000000029a0000)]

VM state:not at safepoint (normal execution)

VM Mutex/Monitor currently owned by a thread: None

heap address: 0x00000006c2e00000, size: 4050 MB, Compressed Oops mode: Zero based, Oop shift amount: 3
Narrow klass base: 0x0000000000000000, Narrow klass shift: 3
Compressed class space size: 1073741824 Address: 0x00000007c0000000

Heap:
 PSYoungGen      total 75776K, used 1300K [0x000000076ba00000, 0x0000000770e80000, 0x00000007c0000000)
  eden space 65024K, 2% used [0x000000076ba00000,0x000000076bb451f8,0x000000076f980000)
  from space 10752K, 0% used [0x0000000770400000,0x0000000770400000,0x0000000770e80000)
  to   space 10752K, 0% used [0x000000076f980000,0x000000076f980000,0x0000000770400000)
 ParOldGen       total 173568K, used 0K [0x00000006c2e00000, 0x00000006cd780000, 0x000000076ba00000)
  object space 173568K, 0% used [0x00000006c2e00000,0x00000006c2e00000,0x00000006cd780000)
 Metaspace       used 786K, capacity 1156K, committed 1408K, reserved 1060864K
  class space    used 76K, capacity 384K, committed 384K, reserved 1048576K

Card table byte_map: [0x0000000011e60000,0x0000000012650000] byte_map_base: 0x000000000e849000

Marking Bits: (ParMarkBitMap*) 0x0000000062f15ce0
 Begin Bits: [0x00000000133a0000, 0x00000000172e8000)
 End Bits:   [0x00000000172e8000, 0x000000001b230000)

Polling page: 0x00000000026a0000

CodeCache: size=245760Kb used=328Kb max_used=328Kb free=245431Kb
 bounds [0x0000000002aa0000, 0x0000000002d10000, 0x0000000011aa0000]
 total_blobs=58 nmethods=0 adapters=38
 compilation: enabled

Compilation events (0 events):
No events

GC Heap History (0 events):
No events

Deoptimization events (0 events):
No events

Classes redefined (0 events):
No events

Internal exceptions (0 events):
No events

Events (10 events):
Event: 0.032 loading class java/lang/Short
Event: 0.032 loading class java/lang/Short done
Event: 0.032 loading class java/lang/Integer
Event: 0.032 loading class java/lang/Integer done
Event: 0.032 loading class java/lang/Long
Event: 0.032 loading class java/lang/Long done
Event: 0.033 loading class java/lang/NullPointerException
Event: 0.033 loading class java/lang/NullPointerException done
Event: 0.033 loading class java/lang/ArithmeticException
Event: 0.033 loading class java/lang/ArithmeticException done


Dynamic libraries:
0x00007ff674480000 - 0x00007ff6744b7000 	C:\Program Files\Java\jdk1.8.0_202\bin\javaw.exe
0x00007ffb88ed0000 - 0x00007ffb890c5000 	C:\Windows\SYSTEM32\ntdll.dll
0x00007ffb882f0000 - 0x00007ffb883ad000 	C:\Windows\System32\KERNEL32.DLL
0x00007ffb869a0000 - 0x00007ffb86c69000 	C:\Windows\System32\KERNELBASE.dll
0x00007ffb871d0000 - 0x00007ffb8727c000 	C:\Windows\System32\ADVAPI32.dll
0x00007ffb88750000 - 0x00007ffb887ee000 	C:\Windows\System32\msvcrt.dll
0x00007ffb86f40000 - 0x00007ffb86fdb000 	C:\Windows\System32\sechost.dll
0x00007ffb889b0000 - 0x00007ffb88ada000 	C:\Windows\System32\RPCRT4.dll
0x00007ffb87970000 - 0x00007ffb87b10000 	C:\Windows\System32\USER32.dll
0x00007ffb86c70000 - 0x00007ffb86c92000 	C:\Windows\System32\win32u.dll
0x00007ffb883c0000 - 0x00007ffb883ea000 	C:\Windows\System32\GDI32.dll
0x00007ffb86d00000 - 0x00007ffb86e0b000 	C:\Windows\System32\gdi32full.dll
0x00007ffb86900000 - 0x00007ffb8699d000 	C:\Windows\System32\msvcp_win.dll
0x00007ffb86770000 - 0x00007ffb86870000 	C:\Windows\System32\ucrtbase.dll
0x00007ffb85b10000 - 0x00007ffb85daa000 	C:\Windows\WinSxS\amd64_microsoft.windows.common-controls_6595b64144ccf1df_6.0.19041.1110_none_60b5254171f9507e\COMCTL32.dll
0x00007ffb87760000 - 0x00007ffb87790000 	C:\Windows\System32\IMM32.DLL
0x0000000067330000 - 0x0000000067402000 	C:\Program Files\Java\jdk1.8.0_202\jre\bin\msvcr100.dll
0x00000000626f0000 - 0x0000000062f95000 	C:\Program Files\Java\jdk1.8.0_202\jre\bin\server\jvm.dll
0x00007ffb889a0000 - 0x00007ffb889a8000 	C:\Windows\System32\PSAPI.DLL
0x00007ffb614d0000 - 0x00007ffb614d9000 	C:\Windows\SYSTEM32\WSOCK32.dll
0x00007ffb87280000 - 0x00007ffb872eb000 	C:\Windows\System32\WS2_32.dll
0x00007ffb83fe0000 - 0x00007ffb83fea000 	C:\Windows\SYSTEM32\VERSION.dll
0x00007ffb6e640000 - 0x00007ffb6e667000 	C:\Windows\SYSTEM32\WINMM.dll
0x00007ffb70ba0000 - 0x00007ffb70baf000 	C:\Program Files\Java\jdk1.8.0_202\jre\bin\verify.dll
0x00007ffb5c480000 - 0x00007ffb5c4a9000 	C:\Program Files\Java\jdk1.8.0_202\jre\bin\java.dll
0x00007ffb60ef0000 - 0x00007ffb60f06000 	C:\Program Files\Java\jdk1.8.0_202\jre\bin\zip.dll

VM Arguments:
jvm_args: -Dfile.encoding=Cp1252 
java_command: java8.StreamProblems
java_class_path (initial): D:\personal project data_1\data-structure\data-structure\java-8-problems\bin
Launcher Type: SUN_STANDARD

Environment Variables:
JAVA_HOME=C:\Program Files\Java\jdk1.8.0_202
USERNAME=dheerajkumar02
OS=Windows_NT
PROCESSOR_IDENTIFIER=Intel64 Family 6 Model 142 Stepping 12, GenuineIntel



---------------  S Y S T E M  ---------------

OS: Windows 10.0 , 64 bit Build 19041 (10.0.19041.1023)

CPU:total 8 (initial active 8) (4 cores per cpu, 2 threads per core) family 6 model 142 stepping 12, cmov, cx8, fxsr, mmx, sse, sse2, sse3, ssse3, sse4.1, sse4.2, popcnt, avx, avx2, aes, clmul, erms, 3dnowpref, lzcnt, ht, tsc, tscinvbit, bmi1, bmi2, adx

Memory: 4k page, physical 16587220k(1210652k free), swap 34658304k(5324k free)

vm_info: Java HotSpot(TM) 64-Bit Server VM (25.202-b08) for windows-amd64 JRE (1.8.0_202-b08), built on Dec 15 2018 19:54:30 by "java_re" with MS VC++ 10.0 (VS2010)

time: Tue Feb 01 02:48:11 2022
timezone: India Standard Time
elapsed time: 0 seconds (0d 0h 0m 0s)

